[ 2015-06-30T22:40:16+08:00 ] 127.0.0.1 /
INFO: [ app_init ] --START--
INFO: Run Behavior\BuildLiteBehavior [ RunTime:0.000000s ]
INFO: [ app_init ] --END-- [ RunTime:0.001000s ]
INFO: [ app_begin ] --START--
INFO: Run Behavior\ReadHtmlCacheBehavior [ RunTime:0.002000s ]
INFO: [ app_begin ] --END-- [ RunTime:0.002000s ]
SQL: SHOW COLUMNS FROM `category` [ RunTime:0.0070s ]
SQL: SELECT * FROM `category` WHERE ( custom_id = 1 and pid=0 and category_type= 1 and area='index' ) ORDER BY no asc  [ RunTime:0.0020s ]
SQL: SELECT * FROM `category` WHERE ( pid=1 ) ORDER BY no asc  [ RunTime:0.0000s ]
SQL: SELECT * FROM `category` WHERE ( pid=2 ) ORDER BY no asc  [ RunTime:0.0000s ]
SQL: SELECT * FROM `category` WHERE ( pid=4 ) ORDER BY no asc  [ RunTime:0.0000s ]
SQL: SELECT * FROM `category` WHERE ( pid=10 ) ORDER BY no asc  [ RunTime:0.0010s ]
SQL: SELECT * FROM `category` WHERE ( pid=18 ) ORDER BY no asc  [ RunTime:0.0000s ]
SQL: SELECT * FROM `category` WHERE ( pid=19 ) ORDER BY no asc  [ RunTime:0.0010s ]
NOTIC: [2] Missing argument 1 for Think\Controller::show(), called in F:\Projects\Web-JY\Application\Home\Controller\IndexController.class.php on line 16 and defined F:\Projects\Web-JY\TPFrame\Library\Think\Controller.class.php 第 68 行.
NOTIC: [8] Undefined variable: content F:\Projects\Web-JY\TPFrame\Library\Think\Controller.class.php 第 69 行.
INFO: [ view_parse ] --START--
INFO: [ template_filter ] --START--
INFO: Run Behavior\ContentReplaceBehavior [ RunTime:0.000000s ]
INFO: [ template_filter ] --END-- [ RunTime:0.000000s ]
INFO: Run Behavior\ParseTemplateBehavior [ RunTime:0.041003s ]
INFO: [ view_parse ] --END-- [ RunTime:0.041003s ]
INFO: [ view_filter ] --START--
INFO: Run Behavior\WriteHtmlCacheBehavior [ RunTime:0.001000s ]
INFO: [ view_filter ] --END-- [ RunTime:0.001000s ]
INFO: [ app_end ] --START--
INFO: Run Behavior\ShowPageTraceBehavior [ RunTime:0.013000s ]
INFO: [ app_end ] --END-- [ RunTime:0.013000s ]

[ 2015-06-30T22:43:02+08:00 ] 127.0.0.1 /
INFO: [ app_init ] --START--
INFO: Run Behavior\BuildLiteBehavior [ RunTime:0.000000s ]
INFO: [ app_init ] --END-- [ RunTime:0.000000s ]
INFO: [ app_begin ] --START--
INFO: Run Behavior\ReadHtmlCacheBehavior [ RunTime:0.000000s ]
INFO: [ app_begin ] --END-- [ RunTime:0.000000s ]
SQL: SHOW COLUMNS FROM `category` [ RunTime:0.0030s ]
SQL: SELECT * FROM `category` WHERE `custom_id` = 1 AND `pid` = 0 AND `category_type` = 1 AND `area` = 'index' ORDER BY no asc  [ RunTime:0.0010s ]
SQL: SELECT * FROM `category` WHERE ( pid=1 ) ORDER BY no asc  [ RunTime:0.0000s ]
SQL: SELECT * FROM `category` WHERE ( pid=2 ) ORDER BY no asc  [ RunTime:0.0010s ]
SQL: SELECT * FROM `category` WHERE ( pid=4 ) ORDER BY no asc  [ RunTime:0.0000s ]
SQL: SELECT * FROM `category` WHERE ( pid=10 ) ORDER BY no asc  [ RunTime:0.0000s ]
SQL: SELECT * FROM `category` WHERE ( pid=18 ) ORDER BY no asc  [ RunTime:0.0000s ]
SQL: SELECT * FROM `category` WHERE ( pid=19 ) ORDER BY no asc  [ RunTime:0.0010s ]
NOTIC: [2] Missing argument 1 for Think\Controller::show(), called in F:\Projects\Web-JY\Application\Home\Controller\IndexController.class.php on line 20 and defined F:\Projects\Web-JY\TPFrame\Library\Think\Controller.class.php 第 68 行.
NOTIC: [8] Undefined variable: content F:\Projects\Web-JY\TPFrame\Library\Think\Controller.class.php 第 69 行.
INFO: [ view_parse ] --START--
INFO: [ template_filter ] --START--
INFO: Run Behavior\ContentReplaceBehavior [ RunTime:0.000000s ]
INFO: [ template_filter ] --END-- [ RunTime:0.000000s ]
INFO: Run Behavior\ParseTemplateBehavior [ RunTime:0.012000s ]
INFO: [ view_parse ] --END-- [ RunTime:0.012000s ]
INFO: [ view_filter ] --START--
INFO: Run Behavior\WriteHtmlCacheBehavior [ RunTime:0.001000s ]
INFO: [ view_filter ] --END-- [ RunTime:0.001000s ]
INFO: [ app_end ] --START--
INFO: Run Behavior\ShowPageTraceBehavior [ RunTime:0.000000s ]
INFO: [ app_end ] --END-- [ RunTime:0.001000s ]

